
*** Running vivado
    with args -log tb_num7seg.vds -m64 -product Vivado -mode batch -messageDb vivado.pb -notrace -source tb_num7seg.tcl


****** Vivado v2018.2 (64-bit)
  **** SW Build 2258646 on Thu Jun 14 20:03:12 MDT 2018
  **** IP Build 2256618 on Thu Jun 14 22:10:49 MDT 2018
    ** Copyright 1986-2018 Xilinx, Inc. All Rights Reserved.

source tb_num7seg.tcl -notrace
WARNING: [Board 49-69] Validation failed for board file C:/Xilinx/Vivado/2018.2/data/boards/board_files/k26c/1.2/board.xml:
 Component Sub Type should be ddr/switch/push_button/lcd/led/ethernet/sfp/sma/mux/reset/system_reset/uart/mgt_clock/system_clock/memory_flash_qspi/memory_flash_bpi/memory/dimm/pmod/fmc_hpc/fmc_lpc/fmc_plus/pcie/fixed_io/chip for xilinx.com:k26c:som240_1_connector:1.2

CRITICAL WARNING: [Board 49-56] Problem parsing board file - C:/Xilinx/Vivado/2018.2/data/boards/board_files/k26c/1.2/board.xml
WARNING: [Board 49-69] Validation failed for board file C:/Xilinx/Vivado/2018.2/data/boards/board_files/k26c/1.3/board.xml:
 Component Sub Type should be ddr/switch/push_button/lcd/led/ethernet/sfp/sma/mux/reset/system_reset/uart/mgt_clock/system_clock/memory_flash_qspi/memory_flash_bpi/memory/dimm/pmod/fmc_hpc/fmc_lpc/fmc_plus/pcie/fixed_io/chip for xilinx.com:k26c:som240_1_connector:1.3

CRITICAL WARNING: [Board 49-56] Problem parsing board file - C:/Xilinx/Vivado/2018.2/data/boards/board_files/k26c/1.3/board.xml
WARNING: [Board 49-69] Validation failed for board file C:/Xilinx/Vivado/2018.2/data/boards/board_files/k26c/1.4/board.xml:
 Component Sub Type should be ddr/switch/push_button/lcd/led/ethernet/sfp/sma/mux/reset/system_reset/uart/mgt_clock/system_clock/memory_flash_qspi/memory_flash_bpi/memory/dimm/pmod/fmc_hpc/fmc_lpc/fmc_plus/pcie/fixed_io/chip for xilinx.com:k26c:som240_1_connector:1.4

CRITICAL WARNING: [Board 49-56] Problem parsing board file - C:/Xilinx/Vivado/2018.2/data/boards/board_files/k26c/1.4/board.xml
WARNING: [Board 49-69] Validation failed for board file C:/Xilinx/Vivado/2018.2/data/boards/board_files/k26i/1.2/board.xml:
 Component Sub Type should be ddr/switch/push_button/lcd/led/ethernet/sfp/sma/mux/reset/system_reset/uart/mgt_clock/system_clock/memory_flash_qspi/memory_flash_bpi/memory/dimm/pmod/fmc_hpc/fmc_lpc/fmc_plus/pcie/fixed_io/chip for xilinx.com:k26i:som240_1_connector:1.2

CRITICAL WARNING: [Board 49-56] Problem parsing board file - C:/Xilinx/Vivado/2018.2/data/boards/board_files/k26i/1.2/board.xml
WARNING: [Board 49-69] Validation failed for board file C:/Xilinx/Vivado/2018.2/data/boards/board_files/k26i/1.3/board.xml:
 Component Sub Type should be ddr/switch/push_button/lcd/led/ethernet/sfp/sma/mux/reset/system_reset/uart/mgt_clock/system_clock/memory_flash_qspi/memory_flash_bpi/memory/dimm/pmod/fmc_hpc/fmc_lpc/fmc_plus/pcie/fixed_io/chip for xilinx.com:k26i:som240_1_connector:1.3

CRITICAL WARNING: [Board 49-56] Problem parsing board file - C:/Xilinx/Vivado/2018.2/data/boards/board_files/k26i/1.3/board.xml
WARNING: [Board 49-69] Validation failed for board file C:/Xilinx/Vivado/2018.2/data/boards/board_files/k26i/1.4/board.xml:
 Component Sub Type should be ddr/switch/push_button/lcd/led/ethernet/sfp/sma/mux/reset/system_reset/uart/mgt_clock/system_clock/memory_flash_qspi/memory_flash_bpi/memory/dimm/pmod/fmc_hpc/fmc_lpc/fmc_plus/pcie/fixed_io/chip for xilinx.com:k26i:som240_1_connector:1.4

CRITICAL WARNING: [Board 49-56] Problem parsing board file - C:/Xilinx/Vivado/2018.2/data/boards/board_files/k26i/1.4/board.xml
WARNING: [Board 49-69] Validation failed for board file C:/Xilinx/Vivado/2018.2/data/boards/board_files/kr260_carrier/1.0/board.xml:
 Component Sub Type should be ddr/switch/push_button/lcd/led/ethernet/sfp/sma/mux/reset/system_reset/uart/mgt_clock/system_clock/memory_flash_qspi/memory_flash_bpi/memory/dimm/pmod/fmc_hpc/fmc_lpc/fmc_plus/pcie/fixed_io/chip for xilinx.com:kr260_carrier:som240_1_connector:1.0

CRITICAL WARNING: [Board 49-56] Problem parsing board file - C:/Xilinx/Vivado/2018.2/data/boards/board_files/kr260_carrier/1.0/board.xml
WARNING: [Board 49-69] Validation failed for board file C:/Xilinx/Vivado/2018.2/data/boards/board_files/kr260_som/1.0/board.xml:
 Component Sub Type should be ddr/switch/push_button/lcd/led/ethernet/sfp/sma/mux/reset/system_reset/uart/mgt_clock/system_clock/memory_flash_qspi/memory_flash_bpi/memory/dimm/pmod/fmc_hpc/fmc_lpc/fmc_plus/pcie/fixed_io/chip for xilinx.com:kr260_som:som240_1_connector:1.0

CRITICAL WARNING: [Board 49-56] Problem parsing board file - C:/Xilinx/Vivado/2018.2/data/boards/board_files/kr260_som/1.0/board.xml
WARNING: [Board 49-69] Validation failed for board file C:/Xilinx/Vivado/2018.2/data/boards/board_files/kr260_som/1.1/board.xml:
 Component Sub Type should be ddr/switch/push_button/lcd/led/ethernet/sfp/sma/mux/reset/system_reset/uart/mgt_clock/system_clock/memory_flash_qspi/memory_flash_bpi/memory/dimm/pmod/fmc_hpc/fmc_lpc/fmc_plus/pcie/fixed_io/chip for xilinx.com:kr260_som:som240_1_connector:1.1

CRITICAL WARNING: [Board 49-56] Problem parsing board file - C:/Xilinx/Vivado/2018.2/data/boards/board_files/kr260_som/1.1/board.xml
WARNING: [Board 49-69] Validation failed for board file C:/Xilinx/Vivado/2018.2/data/boards/board_files/kv260_carrier/1.2/board.xml:
 Component Sub Type should be ddr/switch/push_button/lcd/led/ethernet/sfp/sma/mux/reset/system_reset/uart/mgt_clock/system_clock/memory_flash_qspi/memory_flash_bpi/memory/dimm/pmod/fmc_hpc/fmc_lpc/fmc_plus/pcie/fixed_io/chip for xilinx.com:kv260_carrier:som240_1_connector:1.2

CRITICAL WARNING: [Board 49-56] Problem parsing board file - C:/Xilinx/Vivado/2018.2/data/boards/board_files/kv260_carrier/1.2/board.xml
WARNING: [Board 49-69] Validation failed for board file C:/Xilinx/Vivado/2018.2/data/boards/board_files/kv260_carrier/1.3/board.xml:
 Component Sub Type should be ddr/switch/push_button/lcd/led/ethernet/sfp/sma/mux/reset/system_reset/uart/mgt_clock/system_clock/memory_flash_qspi/memory_flash_bpi/memory/dimm/pmod/fmc_hpc/fmc_lpc/fmc_plus/pcie/fixed_io/chip for xilinx.com:kv260_carrier:som240_1_connector:1.3

CRITICAL WARNING: [Board 49-56] Problem parsing board file - C:/Xilinx/Vivado/2018.2/data/boards/board_files/kv260_carrier/1.3/board.xml
WARNING: [Board 49-69] Validation failed for board file C:/Xilinx/Vivado/2018.2/data/boards/board_files/kv260_som/1.2/board.xml:
 Component Sub Type should be ddr/switch/push_button/lcd/led/ethernet/sfp/sma/mux/reset/system_reset/uart/mgt_clock/system_clock/memory_flash_qspi/memory_flash_bpi/memory/dimm/pmod/fmc_hpc/fmc_lpc/fmc_plus/pcie/fixed_io/chip for xilinx.com:kv260_som:som240_1_connector:1.2

CRITICAL WARNING: [Board 49-56] Problem parsing board file - C:/Xilinx/Vivado/2018.2/data/boards/board_files/kv260_som/1.2/board.xml
WARNING: [Board 49-69] Validation failed for board file C:/Xilinx/Vivado/2018.2/data/boards/board_files/kv260_som/1.3/board.xml:
 Component Sub Type should be ddr/switch/push_button/lcd/led/ethernet/sfp/sma/mux/reset/system_reset/uart/mgt_clock/system_clock/memory_flash_qspi/memory_flash_bpi/memory/dimm/pmod/fmc_hpc/fmc_lpc/fmc_plus/pcie/fixed_io/chip for xilinx.com:kv260_som:som240_1_connector:1.3

CRITICAL WARNING: [Board 49-56] Problem parsing board file - C:/Xilinx/Vivado/2018.2/data/boards/board_files/kv260_som/1.3/board.xml
WARNING: [Board 49-69] Validation failed for board file C:/Xilinx/Vivado/2018.2/data/boards/board_files/kv260_som/1.4/board.xml:
 Component Sub Type should be ddr/switch/push_button/lcd/led/ethernet/sfp/sma/mux/reset/system_reset/uart/mgt_clock/system_clock/memory_flash_qspi/memory_flash_bpi/memory/dimm/pmod/fmc_hpc/fmc_lpc/fmc_plus/pcie/fixed_io/chip for xilinx.com:kv260_som:som240_1_connector:1.4

CRITICAL WARNING: [Board 49-56] Problem parsing board file - C:/Xilinx/Vivado/2018.2/data/boards/board_files/kv260_som/1.4/board.xml
Command: synth_design -top tb_num7seg -part xc7z020clg400-1
Starting synth_design
Attempting to get a license for feature 'Synthesis' and/or device 'xc7z020'
INFO: [Common 17-349] Got license for feature 'Synthesis' and/or device 'xc7z020'
INFO: Launching helper process for spawning children vivado processes
INFO: Helper process launched with PID 8644 
---------------------------------------------------------------------------------
Starting RTL Elaboration : Time (s): cpu = 00:00:01 ; elapsed = 00:00:02 . Memory (MB): peak = 455.383 ; gain = 91.895
---------------------------------------------------------------------------------
INFO: [Synth 8-6157] synthesizing module 'tb_num7seg' [D:/Study/HDL/ASS/Draft 1/Draft 1.srcs/sources_1/new/num7seg_tb.v:23]
INFO: [Synth 8-6157] synthesizing module 'num7seg' [D:/Study/HDL/ASS/Draft 1/Draft 1.srcs/sources_1/new/num7seg.v:23]
INFO: [Synth 8-6155] done synthesizing module 'num7seg' (1#1) [D:/Study/HDL/ASS/Draft 1/Draft 1.srcs/sources_1/new/num7seg.v:23]
WARNING: [Synth 8-85] always block has no event control specified [D:/Study/HDL/ASS/Draft 1/Draft 1.srcs/sources_1/new/num7seg_tb.v:35]
INFO: [Synth 8-6155] done synthesizing module 'tb_num7seg' (2#1) [D:/Study/HDL/ASS/Draft 1/Draft 1.srcs/sources_1/new/num7seg_tb.v:23]
---------------------------------------------------------------------------------
Finished RTL Elaboration : Time (s): cpu = 00:00:02 ; elapsed = 00:00:02 . Memory (MB): peak = 510.121 ; gain = 146.633
---------------------------------------------------------------------------------

Report Check Netlist: 
+------+------------------+-------+---------+-------+------------------+
|      |Item              |Errors |Warnings |Status |Description       |
+------+------------------+-------+---------+-------+------------------+
|1     |multi_driven_nets |      0|        0|Passed |Multi driven nets |
+------+------------------+-------+---------+-------+------------------+
---------------------------------------------------------------------------------
Start Handling Custom Attributes
---------------------------------------------------------------------------------
---------------------------------------------------------------------------------
Finished Handling Custom Attributes : Time (s): cpu = 00:00:02 ; elapsed = 00:00:02 . Memory (MB): peak = 510.121 ; gain = 146.633
---------------------------------------------------------------------------------
---------------------------------------------------------------------------------
Finished RTL Optimization Phase 1 : Time (s): cpu = 00:00:02 ; elapsed = 00:00:02 . Memory (MB): peak = 510.121 ; gain = 146.633
---------------------------------------------------------------------------------
INFO: [Device 21-403] Loading part xc7z020clg400-1
INFO: [Project 1-570] Preparing netlist for logic optimization

Processing XDC Constraints
Initializing timing engine
Parsing XDC File [D:/Study/HDL/ASS/Draft 1/Draft 1.srcs/constrs_1/imports/BROAD/Arty-Z7-20-Master.xdc]
Finished Parsing XDC File [D:/Study/HDL/ASS/Draft 1/Draft 1.srcs/constrs_1/imports/BROAD/Arty-Z7-20-Master.xdc]
Completed Processing XDC Constraints

INFO: [Project 1-111] Unisim Transformation Summary:
No Unisim elements were transformed.

WARNING: [Constraints 18-5210] No constraint will be written out.
Constraint Validation Runtime : Time (s): cpu = 00:00:00 ; elapsed = 00:00:00.035 . Memory (MB): peak = 770.547 ; gain = 1.238
---------------------------------------------------------------------------------
Finished Constraint Validation : Time (s): cpu = 00:00:09 ; elapsed = 00:00:11 . Memory (MB): peak = 770.547 ; gain = 407.059
---------------------------------------------------------------------------------
---------------------------------------------------------------------------------
Start Loading Part and Timing Information
---------------------------------------------------------------------------------
Loading part: xc7z020clg400-1
---------------------------------------------------------------------------------
Finished Loading Part and Timing Information : Time (s): cpu = 00:00:09 ; elapsed = 00:00:11 . Memory (MB): peak = 770.547 ; gain = 407.059
---------------------------------------------------------------------------------
---------------------------------------------------------------------------------
Start Applying 'set_property' XDC Constraints
---------------------------------------------------------------------------------
---------------------------------------------------------------------------------
Finished applying 'set_property' XDC Constraints : Time (s): cpu = 00:00:09 ; elapsed = 00:00:11 . Memory (MB): peak = 770.547 ; gain = 407.059
---------------------------------------------------------------------------------
---------------------------------------------------------------------------------
Finished RTL Optimization Phase 2 : Time (s): cpu = 00:00:09 ; elapsed = 00:00:11 . Memory (MB): peak = 770.547 ; gain = 407.059
---------------------------------------------------------------------------------

Report RTL Partitions: 
+-+--------------+------------+----------+
| |RTL Partition |Replication |Instances |
+-+--------------+------------+----------+
+-+--------------+------------+----------+
---------------------------------------------------------------------------------
Start RTL Component Statistics 
---------------------------------------------------------------------------------
Detailed RTL Component Info : 
---------------------------------------------------------------------------------
Finished RTL Component Statistics 
---------------------------------------------------------------------------------
---------------------------------------------------------------------------------
Start RTL Hierarchical Component Statistics 
---------------------------------------------------------------------------------
Hierarchical RTL Component report 
---------------------------------------------------------------------------------
Finished RTL Hierarchical Component Statistics
---------------------------------------------------------------------------------
---------------------------------------------------------------------------------
Start Part Resource Summary
---------------------------------------------------------------------------------
Part Resources:
DSPs: 220 (col length:60)
BRAMs: 280 (col length: RAMB18 60 RAMB36 30)
---------------------------------------------------------------------------------
Finished Part Resource Summary
---------------------------------------------------------------------------------
---------------------------------------------------------------------------------
Start Cross Boundary and Area Optimization
---------------------------------------------------------------------------------
Warning: Parallel synthesis criteria is not met 
WARNING: [Synth 8-115] binding instance 'i_0' in module 'tb_num7seg' to reference 'partition' which has no pins
WARNING: [Synth 8-3330] design tb_num7seg has an empty top module
---------------------------------------------------------------------------------
Finished Cross Boundary and Area Optimization : Time (s): cpu = 00:00:09 ; elapsed = 00:00:11 . Memory (MB): peak = 770.547 ; gain = 407.059
---------------------------------------------------------------------------------

Report RTL Partitions: 
+-+--------------+------------+----------+
| |RTL Partition |Replication |Instances |
+-+--------------+------------+----------+
+-+--------------+------------+----------+
---------------------------------------------------------------------------------
Start Applying XDC Timing Constraints
---------------------------------------------------------------------------------
---------------------------------------------------------------------------------
Finished Applying XDC Timing Constraints : Time (s): cpu = 00:00:16 ; elapsed = 00:00:18 . Memory (MB): peak = 842.102 ; gain = 478.613
---------------------------------------------------------------------------------
---------------------------------------------------------------------------------
Start Timing Optimization
---------------------------------------------------------------------------------
---------------------------------------------------------------------------------
Finished Timing Optimization : Time (s): cpu = 00:00:16 ; elapsed = 00:00:18 . Memory (MB): peak = 842.102 ; gain = 478.613
---------------------------------------------------------------------------------

Report RTL Partitions: 
+-+--------------+------------+----------+
| |RTL Partition |Replication |Instances |
+-+--------------+------------+----------+
+-+--------------+------------+----------+
---------------------------------------------------------------------------------
Start Technology Mapping
---------------------------------------------------------------------------------
---------------------------------------------------------------------------------
Finished Technology Mapping : Time (s): cpu = 00:00:16 ; elapsed = 00:00:18 . Memory (MB): peak = 842.102 ; gain = 478.613
---------------------------------------------------------------------------------

Report RTL Partitions: 
+-+--------------+------------+----------+
| |RTL Partition |Replication |Instances |
+-+--------------+------------+----------+
+-+--------------+------------+----------+
---------------------------------------------------------------------------------
Start IO Insertion
---------------------------------------------------------------------------------
---------------------------------------------------------------------------------
Start Flattening Before IO Insertion
---------------------------------------------------------------------------------
---------------------------------------------------------------------------------
Finished Flattening Before IO Insertion
---------------------------------------------------------------------------------
---------------------------------------------------------------------------------
Start Final Netlist Cleanup
---------------------------------------------------------------------------------
---------------------------------------------------------------------------------
Finished Final Netlist Cleanup
---------------------------------------------------------------------------------
---------------------------------------------------------------------------------
Finished IO Insertion : Time (s): cpu = 00:00:16 ; elapsed = 00:00:19 . Memory (MB): peak = 843.230 ; gain = 479.742
---------------------------------------------------------------------------------

Report Check Netlist: 
+------+------------------+-------+---------+-------+------------------+
|      |Item              |Errors |Warnings |Status |Description       |
+------+------------------+-------+---------+-------+------------------+
|1     |multi_driven_nets |      0|        0|Passed |Multi driven nets |
+------+------------------+-------+---------+-------+------------------+
---------------------------------------------------------------------------------
Start Renaming Generated Instances
---------------------------------------------------------------------------------
---------------------------------------------------------------------------------
Finished Renaming Generated Instances : Time (s): cpu = 00:00:16 ; elapsed = 00:00:19 . Memory (MB): peak = 843.230 ; gain = 479.742
---------------------------------------------------------------------------------

Report RTL Partitions: 
+-+--------------+------------+----------+
| |RTL Partition |Replication |Instances |
+-+--------------+------------+----------+
+-+--------------+------------+----------+
---------------------------------------------------------------------------------
Start Rebuilding User Hierarchy
---------------------------------------------------------------------------------
---------------------------------------------------------------------------------
Finished Rebuilding User Hierarchy : Time (s): cpu = 00:00:16 ; elapsed = 00:00:19 . Memory (MB): peak = 843.230 ; gain = 479.742
---------------------------------------------------------------------------------
---------------------------------------------------------------------------------
Start Renaming Generated Ports
---------------------------------------------------------------------------------
---------------------------------------------------------------------------------
Finished Renaming Generated Ports : Time (s): cpu = 00:00:16 ; elapsed = 00:00:19 . Memory (MB): peak = 843.230 ; gain = 479.742
---------------------------------------------------------------------------------
---------------------------------------------------------------------------------
Start Handling Custom Attributes
---------------------------------------------------------------------------------
---------------------------------------------------------------------------------
Finished Handling Custom Attributes : Time (s): cpu = 00:00:16 ; elapsed = 00:00:19 . Memory (MB): peak = 843.230 ; gain = 479.742
---------------------------------------------------------------------------------
---------------------------------------------------------------------------------
Start Renaming Generated Nets
---------------------------------------------------------------------------------
---------------------------------------------------------------------------------
Finished Renaming Generated Nets : Time (s): cpu = 00:00:16 ; elapsed = 00:00:19 . Memory (MB): peak = 843.230 ; gain = 479.742
---------------------------------------------------------------------------------
---------------------------------------------------------------------------------
Start Writing Synthesis Report
---------------------------------------------------------------------------------

Report BlackBoxes: 
+-+--------------+----------+
| |BlackBox name |Instances |
+-+--------------+----------+
+-+--------------+----------+

Report Cell Usage: 
+-+-----+------+
| |Cell |Count |
+-+-----+------+
+-+-----+------+

Report Instance Areas: 
+------+---------+-------+------+
|      |Instance |Module |Cells |
+------+---------+-------+------+
|1     |top      |       |     0|
+------+---------+-------+------+
---------------------------------------------------------------------------------
Finished Writing Synthesis Report : Time (s): cpu = 00:00:16 ; elapsed = 00:00:19 . Memory (MB): peak = 843.230 ; gain = 479.742
---------------------------------------------------------------------------------
Synthesis finished with 0 errors, 0 critical warnings and 2 warnings.
Synthesis Optimization Runtime : Time (s): cpu = 00:00:10 ; elapsed = 00:00:13 . Memory (MB): peak = 843.230 ; gain = 219.316
Synthesis Optimization Complete : Time (s): cpu = 00:00:17 ; elapsed = 00:00:19 . Memory (MB): peak = 843.230 ; gain = 479.742
INFO: [Project 1-571] Translating synthesized netlist
INFO: [Project 1-570] Preparing netlist for logic optimization
INFO: [Opt 31-138] Pushed 0 inverter(s) to 0 load pin(s).
INFO: [Project 1-111] Unisim Transformation Summary:
No Unisim elements were transformed.

INFO: [Common 17-83] Releasing license: Synthesis
13 Infos, 18 Warnings, 14 Critical Warnings and 0 Errors encountered.
synth_design completed successfully
synth_design: Time (s): cpu = 00:00:18 ; elapsed = 00:00:21 . Memory (MB): peak = 865.504 ; gain = 514.371
WARNING: [Constraints 18-5210] No constraint will be written out.
INFO: [Common 17-1381] The checkpoint 'D:/Study/HDL/ASS/Draft 1/Draft 1.runs/synth_1/tb_num7seg.dcp' has been generated.
INFO: [runtcl-4] Executing : report_utilization -file tb_num7seg_utilization_synth.rpt -pb tb_num7seg_utilization_synth.pb
report_utilization: Time (s): cpu = 00:00:00 ; elapsed = 00:00:00.032 . Memory (MB): peak = 865.812 ; gain = 0.000
INFO: [Common 17-206] Exiting Vivado at Thu Jan 11 17:48:15 2024...
